<?xml version="1.0" encoding="UTF-8"?>
<!-- Generated by org.testng.reporters.JUnitReportReporter -->
<testsuite skipped="0" hostname="LP-PF01J4V4" name="com.pega.qa.testRunner.TestRunner" tests="2" failures="0" timestamp="22 Jun 2018 07:01:28 GMT" time="58.040" errors="0">
  <testcase name="writeExtentReport" time="0.085" classname="com.pega.qa.testRunner.TestRunner"/>
  <testcase name="feature" time="57.955" classname="com.pega.qa.testRunner.TestRunner"/>
</testsuite> <!-- com.pega.qa.testRunner.TestRunner -->
