<?xml version="1.0" encoding="UTF-8"?>
<!-- Generated by org.testng.reporters.JUnitReportReporter -->
<testsuite skipped="0" hostname="LP-PF01J4V4" name="com.pega.qa.testRunner.TestRunner" tests="2" failures="0" timestamp="07 Jun 2018 08:50:42 GMT" time="39.678" errors="0">
  <testcase name="writeExtentReport" time="0.037" classname="com.pega.qa.testRunner.TestRunner"/>
  <testcase name="feature" time="39.641" classname="com.pega.qa.testRunner.TestRunner"/>
</testsuite> <!-- com.pega.qa.testRunner.TestRunner -->
