<?xml version="1.0" encoding="UTF-8"?>
<!-- Generated by org.testng.reporters.JUnitReportReporter -->
<testsuite skipped="0" hostname="LP-PF01J4V4" name="com.pega.qa.testRunner.TestRunner" tests="2" failures="0" timestamp="07 Jun 2018 09:00:11 GMT" time="39.680" errors="0">
  <testcase name="feature" time="39.664" classname="com.pega.qa.testRunner.TestRunner"/>
  <testcase name="writeExtentReport" time="0.016" classname="com.pega.qa.testRunner.TestRunner"/>
</testsuite> <!-- com.pega.qa.testRunner.TestRunner -->
